
2023/05/02 (13:00:06) | ===> btop++ v.1.2.13
2023/05/02 (13:00:06) | WARNING: No good candidate for cpu sensor found, using random from all found sensors.

2023/05/02 (13:50:32) | ===> btop++ v.1.2.13
2023/05/02 (13:50:32) | WARNING: No good candidate for cpu sensor found, using random from all found sensors.

2023/05/02 (14:16:14) | ===> btop++ v.1.2.13
2023/05/02 (14:16:14) | WARNING: No good candidate for cpu sensor found, using random from all found sensors.

2023/05/02 (15:23:36) | ===> btop++ v.1.2.13
2023/05/02 (15:23:36) | WARNING: No good candidate for cpu sensor found, using random from all found sensors.

2023/05/02 (16:55:40) | ===> btop++ v.1.2.13
2023/05/02 (16:55:40) | WARNING: No good candidate for cpu sensor found, using random from all found sensors.

2023/05/03 (10:13:43) | ===> btop++ v.1.2.13
2023/05/03 (10:13:43) | WARNING: No good candidate for cpu sensor found, using random from all found sensors.

2023/05/03 (10:37:11) | ===> btop++ v.1.2.13
2023/05/03 (10:37:11) | WARNING: No good candidate for cpu sensor found, using random from all found sensors.

2023/05/03 (11:27:56) | ===> btop++ v.1.2.13
2023/05/03 (11:27:56) | WARNING: No good candidate for cpu sensor found, using random from all found sensors.

2023/05/03 (12:17:04) | ===> btop++ v.1.2.13
2023/05/03 (12:17:04) | WARNING: No good candidate for cpu sensor found, using random from all found sensors.

2023/05/03 (12:18:06) | ===> btop++ v.1.2.13
2023/05/03 (12:18:06) | WARNING: No good candidate for cpu sensor found, using random from all found sensors.

2023/05/03 (14:22:53) | ===> btop++ v.1.2.13
2023/05/03 (14:22:53) | WARNING: No good candidate for cpu sensor found, using random from all found sensors.
2023/05/03 (14:50:34) | INFO: Logger set to INFO
2023/05/03 (14:51:15) | INFO: Quitting! Runtime: 00:28:22

2023/05/03 (14:51:16) | ===> btop++ v.1.2.13
2023/05/03 (14:51:16) | INFO: Logger set to INFO
2023/05/03 (14:51:16) | INFO: Running on /dev/pts/2
2023/05/03 (14:51:16) | WARNING: No good candidate for cpu sensor found, using random from all found sensors.

2023/05/03 (16:18:25) | ===> btop++ v.1.2.13
2023/05/03 (16:18:25) | INFO: Logger set to INFO
2023/05/03 (16:18:25) | INFO: Running on /dev/pts/2
2023/05/03 (16:18:25) | WARNING: No good candidate for cpu sensor found, using random from all found sensors.
2023/05/03 (17:00:59) | INFO: Quitting! Runtime: 00:42:34

2023/05/03 (17:01:15) | ===> btop++ v.1.2.13
2023/05/03 (17:01:15) | INFO: Logger set to INFO
2023/05/03 (17:01:15) | INFO: Running on /dev/pts/0
2023/05/03 (17:01:15) | WARNING: No good candidate for cpu sensor found, using random from all found sensors.
2023/05/04 (08:45:37) | INFO: Quitting! Runtime: 15:44:22

2023/05/04 (08:46:37) | ===> btop++ v.1.2.13
2023/05/04 (08:46:37) | INFO: Logger set to INFO
2023/05/04 (08:46:37) | INFO: Running on /dev/pts/2
2023/05/04 (08:46:37) | WARNING: No good candidate for cpu sensor found, using random from all found sensors.
2023/05/04 (09:10:56) | INFO: Quitting! Runtime: 00:24:19

2023/05/04 (09:12:13) | ===> btop++ v.1.2.13
2023/05/04 (09:12:13) | INFO: Logger set to INFO
2023/05/04 (09:12:13) | INFO: Running on /dev/pts/2
2023/05/04 (09:12:13) | WARNING: No good candidate for cpu sensor found, using random from all found sensors.
2023/05/04 (14:52:52) | INFO: Quitting! Runtime: 05:40:39

2023/05/04 (14:53:10) | ===> btop++ v.1.2.13
2023/05/04 (14:53:10) | INFO: Logger set to INFO
2023/05/04 (14:53:10) | INFO: Running on /dev/pts/2
2023/05/05 (09:25:45) | INFO: Quitting! Runtime: 18:32:35

2023/05/05 (09:27:05) | ===> btop++ v.1.2.13
2023/05/05 (09:27:05) | INFO: Logger set to INFO
2023/05/05 (09:27:05) | INFO: Running on /dev/pts/0
2023/05/05 (10:01:01) | INFO: Quitting! Runtime: 00:33:56

2023/05/05 (10:13:14) | ===> btop++ v.1.2.13
2023/05/05 (10:13:14) | INFO: Logger set to INFO
2023/05/05 (10:13:14) | INFO: Running on /dev/pts/2
2023/05/05 (10:39:16) | INFO: Quitting! Runtime: 00:26:02

2023/05/05 (10:40:48) | ===> btop++ v.1.2.13
2023/05/05 (10:40:48) | INFO: Logger set to INFO
2023/05/05 (10:40:48) | INFO: Running on /dev/pts/2
2023/05/05 (10:42:36) | INFO: Quitting! Runtime: 00:01:48

2023/05/05 (10:46:35) | ===> btop++ v.1.2.13
2023/05/05 (10:46:35) | INFO: Logger set to INFO
2023/05/05 (10:46:35) | INFO: Running on /dev/pts/1
2023/05/05 (10:57:52) | INFO: Quitting! Runtime: 00:11:17

2023/05/05 (11:08:40) | ===> btop++ v.1.2.13
2023/05/05 (11:08:40) | INFO: Logger set to INFO
2023/05/05 (11:08:40) | INFO: Running on /dev/pts/2
2023/05/05 (15:13:37) | INFO: Quitting! Runtime: 04:04:57

2023/05/05 (15:19:51) | ===> btop++ v.1.2.13
2023/05/05 (15:19:51) | INFO: Logger set to INFO
2023/05/05 (15:19:51) | INFO: Running on /dev/pts/2
2023/05/05 (17:12:23) | INFO: Quitting! Runtime: 01:52:32

2023/05/05 (17:12:53) | ===> btop++ v.1.2.13
2023/05/05 (17:12:53) | INFO: Logger set to INFO
2023/05/05 (17:12:53) | INFO: Running on /dev/pts/2
2023/05/06 (07:53:45) | INFO: Quitting! Runtime: 14:40:52

2023/05/06 (08:28:52) | ===> btop++ v.1.2.13
2023/05/06 (08:28:52) | INFO: Logger set to INFO
2023/05/06 (08:28:52) | INFO: Running on /dev/pts/2
2023/05/06 (08:36:14) | INFO: Quitting! Runtime: 00:07:22

2023/05/06 (08:43:37) | ===> btop++ v.1.2.13
2023/05/06 (08:43:37) | INFO: Logger set to INFO
2023/05/06 (08:43:37) | INFO: Running on /dev/pts/1

2023/05/06 (09:33:45) | ===> btop++ v.1.2.13
2023/05/06 (09:33:45) | INFO: Logger set to INFO
2023/05/06 (09:33:45) | INFO: Running on /dev/pts/0
2023/05/06 (10:29:29) | INFO: Quitting! Runtime: 00:55:44

2023/05/06 (10:29:35) | ===> btop++ v.1.2.13
2023/05/06 (10:29:35) | INFO: Logger set to INFO
2023/05/06 (10:29:35) | INFO: Running on /dev/pts/0
2023/05/06 (10:29:37) | INFO: Quitting! Runtime: 00:00:02

2023/05/06 (10:29:39) | ===> btop++ v.1.2.13
2023/05/06 (10:29:39) | INFO: Logger set to INFO
2023/05/06 (10:29:39) | INFO: Running on /dev/pts/0
2023/05/06 (10:29:41) | INFO: Quitting! Runtime: 00:00:02

2023/05/06 (10:29:44) | ===> btop++ v.1.2.13
2023/05/06 (10:29:44) | INFO: Logger set to INFO
2023/05/06 (10:29:44) | INFO: Running on /dev/pts/0

2023/05/07 (10:06:34) | ===> btop++ v.1.2.13
2023/05/07 (10:06:34) | INFO: Logger set to INFO
2023/05/07 (10:06:34) | INFO: Running on /dev/pts/2

2023/05/07 (18:50:32) | ===> btop++ v.1.2.13
2023/05/07 (18:50:32) | INFO: Logger set to INFO
2023/05/07 (18:50:32) | INFO: Running on /dev/pts/0

2023/05/07 (19:50:23) | ===> btop++ v.1.2.13
2023/05/07 (19:50:23) | INFO: Logger set to INFO
2023/05/07 (19:50:23) | INFO: Running on /dev/pts/1

2023/05/08 (09:27:00) | ===> btop++ v.1.2.13
2023/05/08 (09:27:00) | INFO: Logger set to INFO
2023/05/08 (09:27:00) | INFO: Running on /dev/pts/1
2023/05/08 (10:02:11) | INFO: Quitting! Runtime: 00:35:11

2023/05/08 (10:02:12) | ===> btop++ v.1.2.13
2023/05/08 (10:02:12) | INFO: Logger set to INFO
2023/05/08 (10:02:12) | INFO: Running on /dev/pts/1
2023/05/08 (11:14:05) | INFO: Quitting! Runtime: 01:11:53

2023/05/08 (12:16:17) | ===> btop++ v.1.2.13
2023/05/08 (12:16:17) | INFO: Logger set to INFO
2023/05/08 (12:16:17) | INFO: Running on /dev/pts/1
2023/05/08 (12:19:42) | INFO: Quitting! Runtime: 00:03:25

2023/05/08 (12:20:07) | ===> btop++ v.1.2.13
2023/05/08 (12:20:07) | INFO: Logger set to INFO
2023/05/08 (12:20:07) | INFO: Running on /dev/pts/2
2023/05/08 (12:27:17) | INFO: Quitting! Runtime: 00:07:10

2023/05/08 (12:27:18) | ===> btop++ v.1.2.13
2023/05/08 (12:27:18) | INFO: Logger set to INFO
2023/05/08 (12:27:18) | INFO: Running on /dev/pts/2
2023/05/08 (12:27:25) | INFO: Quitting! Runtime: 00:00:07

2023/05/08 (12:27:26) | ===> btop++ v.1.2.13
2023/05/08 (12:27:26) | INFO: Logger set to INFO
2023/05/08 (12:27:26) | INFO: Running on /dev/pts/2
2023/05/08 (12:27:44) | INFO: Quitting! Runtime: 00:00:18

2023/05/08 (12:27:45) | ===> btop++ v.1.2.13
2023/05/08 (12:27:45) | INFO: Logger set to INFO
2023/05/08 (12:27:45) | INFO: Running on /dev/pts/2
2023/05/08 (16:15:38) | INFO: Quitting! Runtime: 03:47:53

2023/05/08 (16:19:43) | ===> btop++ v.1.2.13
2023/05/08 (16:19:43) | INFO: Logger set to INFO
2023/05/08 (16:19:43) | INFO: Running on /dev/pts/2
2023/05/08 (19:56:11) | INFO: Quitting! Runtime: 03:36:28

2023/05/08 (20:01:17) | ===> btop++ v.1.2.13
2023/05/08 (20:01:17) | INFO: Logger set to INFO
2023/05/08 (20:01:17) | INFO: Running on /dev/pts/2
2023/05/08 (20:11:33) | INFO: Quitting! Runtime: 00:10:16

2023/05/08 (20:12:47) | ===> btop++ v.1.2.13
2023/05/08 (20:12:47) | INFO: Logger set to INFO
2023/05/08 (20:12:47) | INFO: Running on /dev/pts/3
2023/05/08 (20:18:24) | INFO: Quitting! Runtime: 00:05:37

2023/05/08 (20:19:33) | ===> btop++ v.1.2.13
2023/05/08 (20:19:33) | INFO: Logger set to INFO
2023/05/08 (20:19:33) | INFO: Running on /dev/pts/2
2023/05/08 (21:44:26) | INFO: Quitting! Runtime: 01:24:53

2023/05/08 (21:46:45) | ===> btop++ v.1.2.13
2023/05/08 (21:46:45) | INFO: Logger set to INFO
2023/05/08 (21:46:45) | INFO: Running on /dev/pts/2
2023/05/09 (10:52:11) | INFO: Quitting! Runtime: 13:05:26

2023/05/09 (10:52:40) | ===> btop++ v.1.2.13
2023/05/09 (10:52:40) | INFO: Logger set to INFO
2023/05/09 (10:52:40) | INFO: Running on /dev/pts/2
2023/05/09 (15:37:35) | INFO: Quitting! Runtime: 04:44:55

2023/05/09 (15:37:37) | ===> btop++ v.1.2.13
2023/05/09 (15:37:37) | INFO: Logger set to INFO
2023/05/09 (15:37:37) | INFO: Running on /dev/pts/2
2023/05/09 (15:37:59) | INFO: Quitting! Runtime: 00:00:22

2023/05/09 (15:38:00) | ===> btop++ v.1.2.13
2023/05/09 (15:38:00) | INFO: Logger set to INFO
2023/05/09 (15:38:00) | INFO: Running on /dev/pts/2
2023/05/09 (15:39:13) | INFO: Quitting! Runtime: 00:01:13

2023/05/09 (15:39:14) | ===> btop++ v.1.2.13
2023/05/09 (15:39:14) | INFO: Logger set to INFO
2023/05/09 (15:39:14) | INFO: Running on /dev/pts/2
2023/05/09 (15:40:10) | INFO: Quitting! Runtime: 00:00:56

2023/05/09 (15:40:11) | ===> btop++ v.1.2.13
2023/05/09 (15:40:11) | INFO: Logger set to INFO
2023/05/09 (15:40:11) | INFO: Running on /dev/pts/2
2023/05/09 (15:41:30) | INFO: Quitting! Runtime: 00:01:19

2023/05/09 (15:41:31) | ===> btop++ v.1.2.13
2023/05/09 (15:41:31) | INFO: Logger set to INFO
2023/05/09 (15:41:31) | INFO: Running on /dev/pts/2
2023/05/09 (15:41:47) | INFO: Quitting! Runtime: 00:00:16

2023/05/09 (15:41:48) | ===> btop++ v.1.2.13
2023/05/09 (15:41:48) | INFO: Logger set to INFO
2023/05/09 (15:41:48) | INFO: Running on /dev/pts/2
2023/05/09 (15:43:09) | INFO: Quitting! Runtime: 00:01:21

2023/05/09 (15:43:10) | ===> btop++ v.1.2.13
2023/05/09 (15:43:10) | INFO: Logger set to INFO
2023/05/09 (15:43:10) | INFO: Running on /dev/pts/2
2023/05/09 (15:43:30) | INFO: Quitting! Runtime: 00:00:20

2023/05/09 (15:43:31) | ===> btop++ v.1.2.13
2023/05/09 (15:43:31) | INFO: Logger set to INFO
2023/05/09 (15:43:31) | INFO: Running on /dev/pts/2
2023/05/09 (15:43:41) | INFO: Quitting! Runtime: 00:00:10

2023/05/09 (15:43:42) | ===> btop++ v.1.2.13
2023/05/09 (15:43:42) | INFO: Logger set to INFO
2023/05/09 (15:43:42) | INFO: Running on /dev/pts/2
2023/05/09 (15:43:52) | INFO: Quitting! Runtime: 00:00:10

2023/05/09 (15:43:53) | ===> btop++ v.1.2.13
2023/05/09 (15:43:53) | INFO: Logger set to INFO
2023/05/09 (15:43:53) | INFO: Running on /dev/pts/2
2023/05/09 (15:44:25) | INFO: Quitting! Runtime: 00:00:32

2023/05/09 (15:44:25) | ===> btop++ v.1.2.13
2023/05/09 (15:44:25) | INFO: Logger set to INFO
2023/05/09 (15:44:25) | INFO: Running on /dev/pts/2
2023/05/09 (15:45:07) | INFO: Quitting! Runtime: 00:00:42

2023/05/09 (15:45:07) | ===> btop++ v.1.2.13
2023/05/09 (15:45:07) | INFO: Logger set to INFO
2023/05/09 (15:45:07) | INFO: Running on /dev/pts/2
2023/05/09 (15:45:24) | INFO: Quitting! Runtime: 00:00:17

2023/05/09 (15:45:25) | ===> btop++ v.1.2.13
2023/05/09 (15:45:25) | INFO: Logger set to INFO
2023/05/09 (15:45:25) | INFO: Running on /dev/pts/2
2023/05/09 (15:45:51) | INFO: Quitting! Runtime: 00:00:26

2023/05/09 (15:45:52) | ===> btop++ v.1.2.13
2023/05/09 (15:45:52) | INFO: Logger set to INFO
2023/05/09 (15:45:52) | INFO: Running on /dev/pts/2
2023/05/09 (15:47:40) | INFO: Quitting! Runtime: 00:01:48

2023/05/09 (15:47:41) | ===> btop++ v.1.2.13
2023/05/09 (15:47:41) | INFO: Logger set to INFO
2023/05/09 (15:47:41) | INFO: Running on /dev/pts/2
2023/05/09 (15:47:49) | INFO: Quitting! Runtime: 00:00:08

2023/05/09 (15:47:49) | ===> btop++ v.1.2.13
2023/05/09 (15:47:49) | INFO: Logger set to INFO
2023/05/09 (15:47:49) | INFO: Running on /dev/pts/2
2023/05/09 (15:48:09) | INFO: Quitting! Runtime: 00:00:20

2023/05/09 (15:48:10) | ===> btop++ v.1.2.13
2023/05/09 (15:48:10) | INFO: Logger set to INFO
2023/05/09 (15:48:10) | INFO: Running on /dev/pts/2
2023/05/09 (15:48:10) | ERROR: Invalid size of hex value: 282a36aa
2023/05/09 (15:48:16) | INFO: Quitting! Runtime: 00:00:06

2023/05/09 (15:48:17) | ===> btop++ v.1.2.13
2023/05/09 (15:48:17) | INFO: Logger set to INFO
2023/05/09 (15:48:17) | INFO: Running on /dev/pts/2
2023/05/09 (15:48:31) | INFO: Quitting! Runtime: 00:00:14

2023/05/09 (15:48:31) | ===> btop++ v.1.2.13
2023/05/09 (15:48:31) | INFO: Logger set to INFO
2023/05/09 (15:48:31) | INFO: Running on /dev/pts/2
2023/05/09 (15:49:02) | INFO: Quitting! Runtime: 00:00:31

2023/05/09 (15:49:02) | ===> btop++ v.1.2.13
2023/05/09 (15:49:02) | INFO: Logger set to INFO
2023/05/09 (15:49:02) | INFO: Running on /dev/pts/2
2023/05/09 (15:50:47) | INFO: Quitting! Runtime: 00:01:45

2023/05/09 (15:50:48) | ===> btop++ v.1.2.13
2023/05/09 (15:50:48) | INFO: Logger set to INFO
2023/05/09 (15:50:48) | INFO: Running on /dev/pts/2
2023/05/09 (15:51:26) | INFO: Quitting! Runtime: 00:00:38

2023/05/09 (15:51:26) | ===> btop++ v.1.2.13
2023/05/09 (15:51:26) | INFO: Logger set to INFO
2023/05/09 (15:51:26) | INFO: Running on /dev/pts/2
2023/05/09 (15:52:43) | INFO: Quitting! Runtime: 00:01:17

2023/05/09 (15:52:43) | ===> btop++ v.1.2.13
2023/05/09 (15:52:43) | INFO: Logger set to INFO
2023/05/09 (15:52:43) | INFO: Running on /dev/pts/2
2023/05/09 (15:52:58) | INFO: Quitting! Runtime: 00:00:15

2023/05/09 (15:52:59) | ===> btop++ v.1.2.13
2023/05/09 (15:52:59) | INFO: Logger set to INFO
2023/05/09 (15:52:59) | INFO: Running on /dev/pts/2
2023/05/09 (15:53:44) | INFO: Quitting! Runtime: 00:00:45

2023/05/09 (15:53:44) | ===> btop++ v.1.2.13
2023/05/09 (15:53:44) | INFO: Logger set to INFO
2023/05/09 (15:53:44) | INFO: Running on /dev/pts/2
2023/05/09 (15:54:11) | INFO: Quitting! Runtime: 00:00:27

2023/05/09 (15:54:14) | ===> btop++ v.1.2.13
2023/05/09 (15:54:14) | INFO: Logger set to INFO
2023/05/09 (15:54:14) | INFO: Running on /dev/pts/2
2023/05/09 (15:54:46) | INFO: Quitting! Runtime: 00:00:32

2023/05/09 (15:54:47) | ===> btop++ v.1.2.13
2023/05/09 (15:54:47) | INFO: Logger set to INFO
2023/05/09 (15:54:47) | INFO: Running on /dev/pts/2
2023/05/09 (15:56:31) | INFO: Quitting! Runtime: 00:01:44

2023/05/09 (15:56:32) | ===> btop++ v.1.2.13
2023/05/09 (15:56:32) | INFO: Logger set to INFO
2023/05/09 (15:56:32) | INFO: Running on /dev/pts/2
2023/05/09 (16:00:53) | INFO: Quitting! Runtime: 00:04:21

2023/05/09 (16:00:54) | ===> btop++ v.1.2.13
2023/05/09 (16:00:54) | INFO: Logger set to INFO
2023/05/09 (16:00:54) | INFO: Running on /dev/pts/2
2023/05/09 (16:02:18) | INFO: Quitting! Runtime: 00:01:24

2023/05/09 (16:02:18) | ===> btop++ v.1.2.13
2023/05/09 (16:02:18) | INFO: Logger set to INFO
2023/05/09 (16:02:18) | INFO: Running on /dev/pts/2
2023/05/09 (16:03:07) | INFO: Quitting! Runtime: 00:00:49

2023/05/09 (16:03:07) | ===> btop++ v.1.2.13
2023/05/09 (16:03:07) | INFO: Logger set to INFO
2023/05/09 (16:03:07) | INFO: Running on /dev/pts/2
2023/05/09 (16:03:59) | INFO: Quitting! Runtime: 00:00:52

2023/05/09 (16:04:00) | ===> btop++ v.1.2.13
2023/05/09 (16:04:00) | INFO: Logger set to INFO
2023/05/09 (16:04:00) | INFO: Running on /dev/pts/2
2023/05/09 (16:05:07) | INFO: Quitting! Runtime: 00:01:07

2023/05/09 (16:05:08) | ===> btop++ v.1.2.13
2023/05/09 (16:05:08) | INFO: Logger set to INFO
2023/05/09 (16:05:08) | INFO: Running on /dev/pts/2
2023/05/09 (16:05:44) | INFO: Quitting! Runtime: 00:00:36

2023/05/09 (16:05:45) | ===> btop++ v.1.2.13
2023/05/09 (16:05:45) | INFO: Logger set to INFO
2023/05/09 (16:05:45) | INFO: Running on /dev/pts/2
2023/05/09 (16:06:13) | INFO: Quitting! Runtime: 00:00:28

2023/05/09 (16:06:14) | ===> btop++ v.1.2.13
2023/05/09 (16:06:14) | INFO: Logger set to INFO
2023/05/09 (16:06:14) | INFO: Running on /dev/pts/2
2023/05/09 (16:07:48) | INFO: Quitting! Runtime: 00:01:34

2023/05/09 (16:07:48) | ===> btop++ v.1.2.13
2023/05/09 (16:07:48) | INFO: Logger set to INFO
2023/05/09 (16:07:48) | INFO: Running on /dev/pts/2
2023/05/09 (16:07:48) | ERROR: Invalid size of hex value: 8bd93f9
2023/05/09 (16:07:48) | ERROR: Invalid size of hex value: 8bd93f9
2023/05/09 (16:07:48) | ERROR: Invalid size of hex value: 8bd93f9
2023/05/09 (16:07:48) | ERROR: Invalid size of hex value: 8bd93f9
2023/05/09 (16:08:50) | INFO: Quitting! Runtime: 00:01:02

2023/05/09 (16:08:51) | ===> btop++ v.1.2.13
2023/05/09 (16:08:51) | INFO: Logger set to INFO
2023/05/09 (16:08:51) | INFO: Running on /dev/pts/2
2023/05/09 (16:09:20) | INFO: Quitting! Runtime: 00:00:29

2023/05/09 (16:09:21) | ===> btop++ v.1.2.13
2023/05/09 (16:09:21) | INFO: Logger set to INFO
2023/05/09 (16:09:21) | INFO: Running on /dev/pts/2
2023/05/09 (16:10:49) | INFO: Quitting! Runtime: 00:01:28

2023/05/09 (16:10:50) | ===> btop++ v.1.2.13
2023/05/09 (16:10:50) | INFO: Logger set to INFO
2023/05/09 (16:10:50) | INFO: Running on /dev/pts/2
